<?xml version="1.0" encoding="UTF-8"?>
<!-- Generated by org.testng.reporters.JUnitXMLReporter -->
<testsuite ignored="0" hostname="DESKTOP-3EB4RTA" failures="1" tests="1" name="Test" time="0.082" errors="0" timestamp="2024-02-29T10:08:51 IST">
  <testcase classname="Package1.RedBusHandlingCalenders" name="handleCalenders" time="0.0">
    <failure type="org.testng.TestNGException" message="
Cannot inject @Test annotated Method [handleCalenders] with [interface org.openqa.selenium.WebDriver, class Package1.RedBusHandlingCalenders].
For more information on native dependency injection please refer to https://testng.org/doc/documentation-main.html#native-dependency-injection">
      <![CDATA[org.testng.TestNGException: 
Cannot inject @Test annotated Method [handleCalenders] with [interface org.openqa.selenium.WebDriver, class Package1.RedBusHandlingCalenders].
For more information on native dependency injection please refer to https://testng.org/doc/documentation-main.html#native-dependency-injection
at java.base/java.util.ArrayList.forEach(ArrayList.java:1511)
... Removed 26 stack frames]]>
    </failure>
  </testcase> <!-- handleCalenders -->
</testsuite> <!-- Test -->
